<?xml version="1.0" encoding="UTF-8"?>
<!-- Generated by org.testng.reporters.JUnitReportReporter -->
<testsuite ignored="0" hostname="1OINFO-14" failures="0" tests="1" name="loginTests.TC_01" time="9.657" errors="0" timestamp="22 may. 2021 15:23:57 GMT" skipped="0">
  <testcase classname="loginTests.TC_01" name="TC_01_CorrectLogin" time="9.657"/>
</testsuite> <!-- loginTests.TC_01 -->
