<?xml version="1.0" encoding="UTF-8"?>
<!-- Generated by org.testng.reporters.JUnitReportReporter -->
<testsuite ignored="0" hostname="1OINFO-14" failures="0" tests="1" name="test.HardAssert" time="5.990" errors="0" timestamp="19 may. 2021 22:15:50 GMT" skipped="0">
  <testcase classname="test.HardAssert" name="verificarTituloDePagina" time="5.990"/>
</testsuite> <!-- test.HardAssert -->
