<?xml version="1.0" encoding="UTF-8"?>
<!-- Generated by org.testng.reporters.JUnitReportReporter -->
<testsuite ignored="0" hostname="1OINFO-14" failures="0" tests="1" name="searchTest.TC_02" time="6.069" errors="0" timestamp="22 may. 2021 14:25:29 GMT" skipped="0">
  <testcase classname="searchTest.TC_02" name="TC_02_Search_Natham" time="6.069"/>
</testsuite> <!-- searchTest.TC_02 -->
