<?xml version="1.0" encoding="UTF-8"?>
<!-- Generated by org.testng.reporters.JUnitReportReporter -->
<testsuite ignored="0" hostname="1OINFO-14" failures="0" tests="1" name="test.NewTest" time="3.991" errors="0" timestamp="24 abr. 2021 13:09:52 GMT" skipped="0">
  <testcase classname="test.NewTest" name="Test" time="3.991"/>
</testsuite> <!-- test.NewTest -->
